<?xml version="1.0" encoding="UTF-8"?>
<testng-results ignored="0" total="1" passed="0" failed="1" skipped="0">
  <reporter-output>
  </reporter-output>
  <suite started-at="2020-12-07T21:34:12 IST" name="Default suite" finished-at="2020-12-07T21:34:14 IST" duration-ms="1899">
    <groups>
      <group name="cucumber">
        <method signature="AbstractTestNGCucumberTests.feature(cucumber.api.testng.CucumberFeatureWrapper)[pri:0, instance:Runner.TestRunner@7671cb68]" name="feature" class="cucumber.api.testng.AbstractTestNGCucumberTests"/>
      </group> <!-- cucumber -->
    </groups>
    <test started-at="2020-12-07T21:34:12 IST" name="Default test" finished-at="2020-12-07T21:34:14 IST" duration-ms="1899">
      <class name="Runner.TestRunner">
        <test-method is-config="true" signature="setUpClass()[pri:0, instance:Runner.TestRunner@7671cb68]" started-at="2020-12-07T21:34:12 IST" name="setUpClass" finished-at="2020-12-07T21:34:12 IST" duration-ms="268" status="PASS">
          <reporter-output>
          </reporter-output>
        </test-method> <!-- setUpClass -->
        <test-method signature="feature(cucumber.api.testng.CucumberFeatureWrapper)[pri:0, instance:Runner.TestRunner@7671cb68]" started-at="2020-12-07T21:34:12 IST" name="feature" description="Runs Cucumber Feature" data-provider="features" finished-at="2020-12-07T21:34:14 IST" duration-ms="1473" status="FAIL">
          <params>
            <param index="0">
              <value>
                <![CDATA[Guru 99 login]]>
              </value>
            </param>
          </params>
          <exception class="cucumber.runtime.CucumberException">
            <message>
              <![CDATA[org.openqa.selenium.WebDriverException: unknown error: cannot find Chrome binary
Build info: version: '3.141.59', revision: 'e82be7d358', time: '2018-11-14T08:17:03'
System info: host: 'NILMIE', ip: '192.168.8.103', os.name: 'Windows 10', os.arch: 'amd64', os.version: '10.0', java.version: '15.0.1'
Driver info: driver.version: ChromeDriver
remote stacktrace: Backtrace:
GetHandleVerifier [0x00BC8A43+483]
GetHandleVerifier [0x00BC8A21+449]
GetHandleVerifier [0x00F713C8+3836776]
GetHandleVerifier [0x00F871A2+3926338]
GetHandleVerifier [0x00F85E7C+3921436]
GetHandleVerifier [0x00FAC89E+4079678]
GetHandleVerifier [0x00FAC60C+4079020]
GetHandleVerifier [0x00FA938B+4066091]
GetHandleVerifier [0x00F8CDB4+3949908]
GetHandleVerifier [0x00F8DC6E+3953678]
GetHandleVerifier [0x00F8DBF9+3953561]
Ordinal0 [0x00B96A8C+92812]
Ordinal0 [0x00B90572+66930]
Ordinal0 [0x00B90142+65858]
GetHandleVerifier [0x00E947B8+2932568]
GetHandleVerifier [0x00CD12EE+1084046]
GetHandleVerifier [0x00C88B3D+787165]
GetHandleVerifier [0x00C8855B+785659]
GetHandleVerifier [0x00C88471+785425]
GetHandleVerifier [0x00CBB7B3+995155]
BaseThreadInitThunk [0x774C0419+25]
RtlGetAppContainerNamedObjectPath [0x77DD74ED+237]
RtlGetAppContainerNamedObjectPath [0x77DD74BD+189]
]]>
            </message>
            <full-stacktrace>
              <![CDATA[cucumber.runtime.CucumberException: org.openqa.selenium.WebDriverException: unknown error: cannot find Chrome binary
Build info: version: '3.141.59', revision: 'e82be7d358', time: '2018-11-14T08:17:03'
System info: host: 'NILMIE', ip: '192.168.8.103', os.name: 'Windows 10', os.arch: 'amd64', os.version: '10.0', java.version: '15.0.1'
Driver info: driver.version: ChromeDriver
remote stacktrace: Backtrace:
GetHandleVerifier [0x00BC8A43+483]
GetHandleVerifier [0x00BC8A21+449]
GetHandleVerifier [0x00F713C8+3836776]
GetHandleVerifier [0x00F871A2+3926338]
GetHandleVerifier [0x00F85E7C+3921436]
GetHandleVerifier [0x00FAC89E+4079678]
GetHandleVerifier [0x00FAC60C+4079020]
GetHandleVerifier [0x00FA938B+4066091]
GetHandleVerifier [0x00F8CDB4+3949908]
GetHandleVerifier [0x00F8DC6E+3953678]
GetHandleVerifier [0x00F8DBF9+3953561]
Ordinal0 [0x00B96A8C+92812]
Ordinal0 [0x00B90572+66930]
Ordinal0 [0x00B90142+65858]
GetHandleVerifier [0x00E947B8+2932568]
GetHandleVerifier [0x00CD12EE+1084046]
GetHandleVerifier [0x00C88B3D+787165]
GetHandleVerifier [0x00C8855B+785659]
GetHandleVerifier [0x00C88471+785425]
GetHandleVerifier [0x00CBB7B3+995155]
BaseThreadInitThunk [0x774C0419+25]
RtlGetAppContainerNamedObjectPath [0x77DD74ED+237]
RtlGetAppContainerNamedObjectPath [0x77DD74BD+189]

at cucumber.api.testng.TestNGCucumberRunner.runCucumber(TestNGCucumberRunner.java:69)
at cucumber.api.testng.AbstractTestNGCucumberTests.feature(AbstractTestNGCucumberTests.java:21)
at java.base/jdk.internal.reflect.NativeMethodAccessorImpl.invoke0(Native Method)
at java.base/jdk.internal.reflect.NativeMethodAccessorImpl.invoke(NativeMethodAccessorImpl.java:64)
at java.base/jdk.internal.reflect.DelegatingMethodAccessorImpl.invoke(DelegatingMethodAccessorImpl.java:43)
at java.base/java.lang.reflect.Method.invoke(Method.java:564)
at org.testng.internal.MethodInvocationHelper.invokeMethod(MethodInvocationHelper.java:132)
at org.testng.internal.TestInvoker.invokeMethod(TestInvoker.java:599)
at org.testng.internal.TestInvoker.invokeTestMethod(TestInvoker.java:174)
at org.testng.internal.MethodRunner.runInSequence(MethodRunner.java:46)
at org.testng.internal.TestInvoker$MethodInvocationAgent.invoke(TestInvoker.java:822)
at org.testng.internal.TestInvoker.invokeTestMethods(TestInvoker.java:147)
at org.testng.internal.TestMethodWorker.invokeTestMethods(TestMethodWorker.java:146)
at org.testng.internal.TestMethodWorker.run(TestMethodWorker.java:128)
at java.base/java.util.ArrayList.forEach(ArrayList.java:1511)
at org.testng.TestRunner.privateRun(TestRunner.java:764)
at org.testng.TestRunner.run(TestRunner.java:585)
at org.testng.SuiteRunner.runTest(SuiteRunner.java:384)
at org.testng.SuiteRunner.runSequentially(SuiteRunner.java:378)
at org.testng.SuiteRunner.privateRun(SuiteRunner.java:337)
at org.testng.SuiteRunner.run(SuiteRunner.java:286)
at org.testng.SuiteRunnerWorker.runSuite(SuiteRunnerWorker.java:53)
at org.testng.SuiteRunnerWorker.run(SuiteRunnerWorker.java:96)
at org.testng.TestNG.runSuitesSequentially(TestNG.java:1218)
at org.testng.TestNG.runSuitesLocally(TestNG.java:1140)
at org.testng.TestNG.runSuites(TestNG.java:1069)
at org.testng.TestNG.run(TestNG.java:1037)
at org.testng.remote.AbstractRemoteTestNG.run(AbstractRemoteTestNG.java:115)
at org.testng.remote.RemoteTestNG.initAndRun(RemoteTestNG.java:251)
at org.testng.remote.RemoteTestNG.main(RemoteTestNG.java:77)
Caused by: org.openqa.selenium.WebDriverException: unknown error: cannot find Chrome binary
Build info: version: '3.141.59', revision: 'e82be7d358', time: '2018-11-14T08:17:03'
System info: host: 'NILMIE', ip: '192.168.8.103', os.name: 'Windows 10', os.arch: 'amd64', os.version: '10.0', java.version: '15.0.1'
Driver info: driver.version: ChromeDriver
remote stacktrace: Backtrace:
GetHandleVerifier [0x00BC8A43+483]
GetHandleVerifier [0x00BC8A21+449]
GetHandleVerifier [0x00F713C8+3836776]
GetHandleVerifier [0x00F871A2+3926338]
GetHandleVerifier [0x00F85E7C+3921436]
GetHandleVerifier [0x00FAC89E+4079678]
GetHandleVerifier [0x00FAC60C+4079020]
GetHandleVerifier [0x00FA938B+4066091]
GetHandleVerifier [0x00F8CDB4+3949908]
GetHandleVerifier [0x00F8DC6E+3953678]
GetHandleVerifier [0x00F8DBF9+3953561]
Ordinal0 [0x00B96A8C+92812]
Ordinal0 [0x00B90572+66930]
Ordinal0 [0x00B90142+65858]
GetHandleVerifier [0x00E947B8+2932568]
GetHandleVerifier [0x00CD12EE+1084046]
GetHandleVerifier [0x00C88B3D+787165]
GetHandleVerifier [0x00C8855B+785659]
GetHandleVerifier [0x00C88471+785425]
GetHandleVerifier [0x00CBB7B3+995155]
BaseThreadInitThunk [0x774C0419+25]
RtlGetAppContainerNamedObjectPath [0x77DD74ED+237]
RtlGetAppContainerNamedObjectPath [0x77DD74BD+189]

at java.base/jdk.internal.reflect.NativeConstructorAccessorImpl.newInstance0(Native Method)
at java.base/jdk.internal.reflect.NativeConstructorAccessorImpl.newInstance(NativeConstructorAccessorImpl.java:64)
at java.base/jdk.internal.reflect.DelegatingConstructorAccessorImpl.newInstance(DelegatingConstructorAccessorImpl.java:45)
at java.base/java.lang.reflect.Constructor.newInstanceWithCaller(Constructor.java:500)
at java.base/java.lang.reflect.Constructor.newInstance(Constructor.java:481)
at org.openqa.selenium.remote.W3CHandshakeResponse.lambda$errorHandler$0(W3CHandshakeResponse.java:62)
at org.openqa.selenium.remote.HandshakeResponse.lambda$getResponseFunction$0(HandshakeResponse.java:30)
at org.openqa.selenium.remote.ProtocolHandshake.lambda$createSession$0(ProtocolHandshake.java:126)
at java.base/java.util.stream.ReferencePipeline$3$1.accept(ReferencePipeline.java:195)
at java.base/java.util.Spliterators$ArraySpliterator.tryAdvance(Spliterators.java:958)
at java.base/java.util.stream.ReferencePipeline.forEachWithCancel(ReferencePipeline.java:127)
at java.base/java.util.stream.AbstractPipeline.copyIntoWithCancel(AbstractPipeline.java:502)
at java.base/java.util.stream.AbstractPipeline.copyInto(AbstractPipeline.java:488)
at java.base/java.util.stream.AbstractPipeline.wrapAndCopyInto(AbstractPipeline.java:474)
at java.base/java.util.stream.FindOps$FindOp.evaluateSequential(FindOps.java:150)
at java.base/java.util.stream.AbstractPipeline.evaluate(AbstractPipeline.java:234)
at java.base/java.util.stream.ReferencePipeline.findFirst(ReferencePipeline.java:543)
at org.openqa.selenium.remote.ProtocolHandshake.createSession(ProtocolHandshake.java:128)
at org.openqa.selenium.remote.ProtocolHandshake.createSession(ProtocolHandshake.java:74)
at org.openqa.selenium.remote.HttpCommandExecutor.execute(HttpCommandExecutor.java:136)
at org.openqa.selenium.remote.service.DriverCommandExecutor.execute(DriverCommandExecutor.java:83)
at org.openqa.selenium.remote.RemoteWebDriver.execute(RemoteWebDriver.java:552)
at org.openqa.selenium.remote.RemoteWebDriver.startSession(RemoteWebDriver.java:213)
at org.openqa.selenium.remote.RemoteWebDriver.<init>(RemoteWebDriver.java:131)
at org.openqa.selenium.chrome.ChromeDriver.<init>(ChromeDriver.java:181)
at org.openqa.selenium.chrome.ChromeDriver.<init>(ChromeDriver.java:168)
at org.openqa.selenium.chrome.ChromeDriver.<init>(ChromeDriver.java:123)
at StepDefinition.LoginData.i_have_user_name_and_password(LoginData.java:31)
at âœ½.Given I have user name and password(Login.feature:4)
]]>
            </full-stacktrace>
          </exception> <!-- cucumber.runtime.CucumberException -->
          <reporter-output>
          </reporter-output>
        </test-method> <!-- feature -->
        <test-method is-config="true" signature="tearDownClass()[pri:0, instance:Runner.TestRunner@7671cb68]" started-at="2020-12-07T21:34:14 IST" name="tearDownClass" finished-at="2020-12-07T21:34:14 IST" duration-ms="16" status="PASS">
          <reporter-output>
          </reporter-output>
        </test-method> <!-- tearDownClass -->
      </class> <!-- Runner.TestRunner -->
    </test> <!-- Default test -->
  </suite> <!-- Default suite -->
</testng-results>
